[31Aug2024 00:00:03.983] [Server thread/WARN] [net.minecraft.world.level.entity.PersistentEntitySectionManager/]: UUID of added entity already exists: StingerProjectile['entity.spore.stinger'/49889, l='ServerLevel[world]', x=815.48, y=95.00, z=895.39]
[31Aug2024 00:00:11.029] [Server thread/WARN] [net.minecraft.world.level.entity.PersistentEntitySectionManager/]: UUID of added entity already exists: StingerProjectile['entity.spore.stinger'/49973, l='ServerLevel[world]', x=815.70, y=95.92, z=895.58]
[31Aug2024 00:00:11.029] [Server thread/WARN] [net.minecraft.world.level.entity.PersistentEntitySectionManager/]: UUID of added entity already exists: StingerProjectile['entity.spore.stinger'/49974, l='ServerLevel[world]', x=815.70, y=95.92, z=895.58]
[31Aug2024 00:00:12.135] [Server thread/INFO] [net.minecraft.server.MinecraftServer/]: [Not Secure] <capybarav2> tengo sueño ngl
[31Aug2024 00:00:18.480] [Server thread/WARN] [net.minecraft.world.level.entity.PersistentEntitySectionManager/]: UUID of added entity already exists: StingerProjectile['entity.spore.stinger'/50018, l='ServerLevel[world]', x=815.57, y=95.13, z=895.53]
[31Aug2024 00:00:18.481] [Server thread/WARN] [net.minecraft.world.level.entity.PersistentEntitySectionManager/]: UUID of added entity already exists: StingerProjectile['entity.spore.stinger'/50019, l='ServerLevel[world]', x=815.57, y=95.13, z=895.53]
[31Aug2024 00:00:29.480] [Server thread/WARN] [net.minecraft.world.level.entity.PersistentEntitySectionManager/]: UUID of added entity already exists: StingerProjectile['entity.spore.stinger'/50110, l='ServerLevel[world]', x=815.35, y=95.00, z=895.72]
[31Aug2024 00:00:37.327] [Server thread/WARN] [net.minecraft.world.level.entity.PersistentEntitySectionManager/]: UUID of added entity already exists: StingerProjectile['entity.spore.stinger'/50172, l='ServerLevel[world]', x=815.69, y=95.69, z=895.57]
[31Aug2024 00:00:37.328] [Server thread/WARN] [net.minecraft.world.level.entity.PersistentEntitySectionManager/]: UUID of added entity already exists: StingerProjectile['entity.spore.stinger'/50173, l='ServerLevel[world]', x=815.69, y=95.69, z=895.57]
[31Aug2024 00:00:45.080] [Server thread/WARN] [net.minecraft.world.level.entity.PersistentEntitySectionManager/]: UUID of added entity already exists: StingerProjectile['entity.spore.stinger'/50299, l='ServerLevel[world]', x=815.55, y=95.17, z=895.52]
[31Aug2024 00:00:46.685] [Server thread/INFO] [net.minecraft.server.MinecraftServer/]: [Not Secure] <capybarav2> no tengo pico
[31Aug2024 00:00:55.829] [Server thread/WARN] [net.minecraft.world.level.entity.PersistentEntitySectionManager/]: UUID of added entity already exists: StingerProjectile['entity.spore.stinger'/50427, l='ServerLevel[world]', x=815.52, y=95.00, z=895.44]
[31Aug2024 00:00:55.830] [Server thread/WARN] [net.minecraft.world.level.entity.PersistentEntitySectionManager/]: UUID of added entity already exists: StingerProjectile['entity.spore.stinger'/50428, l='ServerLevel[world]', x=815.52, y=95.00, z=895.44]
[31Aug2024 00:01:25.378] [Server thread/WARN] [net.minecraft.world.level.entity.PersistentEntitySectionManager/]: UUID of added entity already exists: StingerProjectile['entity.spore.stinger'/50663, l='ServerLevel[world]', x=815.45, y=95.00, z=895.36]
[31Aug2024 00:01:25.378] [Server thread/WARN] [net.minecraft.world.level.entity.PersistentEntitySectionManager/]: UUID of added entity already exists: StingerProjectile['entity.spore.stinger'/50664, l='ServerLevel[world]', x=815.45, y=95.00, z=895.36]
[31Aug2024 00:02:31.581] [Server thread/WARN] [net.minecraft.world.level.entity.PersistentEntitySectionManager/]: UUID of added entity already exists: StingerProjectile['entity.spore.stinger'/51356, l='ServerLevel[world]', x=815.45, y=95.00, z=895.67]
[31Aug2024 00:02:39.677] [Server thread/WARN] [net.minecraft.world.level.entity.PersistentEntitySectionManager/]: UUID of added entity already exists: StingerProjectile['entity.spore.stinger'/51397, l='ServerLevel[world]', x=815.70, y=95.42, z=895.53]
[31Aug2024 00:02:39.678] [Server thread/WARN] [net.minecraft.world.level.entity.PersistentEntitySectionManager/]: UUID of added entity already exists: StingerProjectile['entity.spore.stinger'/51398, l='ServerLevel[world]', x=815.70, y=95.42, z=895.53]
[31Aug2024 00:03:12.142] [Server thread/INFO] [net.minecraft.server.MinecraftServer/]: [Not Secure] <capybarav2> tenemos cofres o algo
[31Aug2024 00:03:12.538] [Server thread/INFO] [net.minecraft.server.MinecraftServer/]: capybarav2 has made the advancement [Keep Going]
[31Aug2024 00:03:21.591] [Server thread/INFO] [net.minecraft.server.MinecraftServer/]: [Not Secure] <capybarav2> pa guardar el hierro lejos de los hornos
[31Aug2024 00:03:50.885] [Server thread/WARN] [net.minecraft.world.level.entity.PersistentEntitySectionManager/]: UUID of added entity already exists: StingerProjectile['entity.spore.stinger'/52076, l='ServerLevel[world]', x=815.53, y=95.00, z=895.67]
[31Aug2024 00:03:59.278] [Server thread/WARN] [net.minecraft.world.level.entity.PersistentEntitySectionManager/]: UUID of added entity already exists: StingerProjectile['entity.spore.stinger'/52171, l='ServerLevel[world]', x=815.70, y=95.42, z=895.68]
[31Aug2024 00:04:07.680] [Server thread/WARN] [net.minecraft.world.level.entity.PersistentEntitySectionManager/]: UUID of added entity already exists: StingerProjectile['entity.spore.stinger'/52283, l='ServerLevel[world]', x=815.60, y=95.30, z=895.58]
[31Aug2024 00:04:07.680] [Server thread/WARN] [net.minecraft.world.level.entity.PersistentEntitySectionManager/]: UUID of added entity already exists: StingerProjectile['entity.spore.stinger'/52284, l='ServerLevel[world]', x=815.60, y=95.30, z=895.58]
[31Aug2024 00:04:10.559] [Server thread/INFO] [net.minecraft.server.MinecraftServer/]: [Not Secure] <capybarav2> puedo ir a dormir irl?
[31Aug2024 00:04:16.084] [Server thread/WARN] [net.minecraft.world.level.entity.PersistentEntitySectionManager/]: UUID of added entity already exists: StingerProjectile['entity.spore.stinger'/52480, l='ServerLevel[world]', x=815.47, y=95.60, z=895.39]
[31Aug2024 00:04:16.085] [Server thread/WARN] [net.minecraft.world.level.entity.PersistentEntitySectionManager/]: UUID of added entity already exists: StingerProjectile['entity.spore.stinger'/52481, l='ServerLevel[world]', x=815.47, y=95.60, z=895.39]
[31Aug2024 00:04:21.381] [Server thread/WARN] [net.minecraft.world.level.entity.PersistentEntitySectionManager/]: UUID of added entity already exists: StingerProjectile['entity.spore.stinger'/52640, l='ServerLevel[world]', x=815.52, y=95.04, z=895.43]
[31Aug2024 00:04:21.381] [Server thread/WARN] [net.minecraft.world.level.entity.PersistentEntitySectionManager/]: UUID of added entity already exists: StingerProjectile['entity.spore.stinger'/52641, l='ServerLevel[world]', x=815.52, y=95.04, z=895.43]
[31Aug2024 00:04:29.279] [Server thread/WARN] [net.minecraft.world.level.entity.PersistentEntitySectionManager/]: UUID of added entity already exists: StingerProjectile['entity.spore.stinger'/52783, l='ServerLevel[world]', x=815.70, y=95.34, z=895.67]
[31Aug2024 00:04:29.280] [Server thread/WARN] [net.minecraft.world.level.entity.PersistentEntitySectionManager/]: UUID of added entity already exists: StingerProjectile['entity.spore.stinger'/52784, l='ServerLevel[world]', x=815.70, y=95.34, z=895.67]
[31Aug2024 00:04:37.081] [Server thread/WARN] [net.minecraft.world.level.entity.PersistentEntitySectionManager/]: UUID of added entity already exists: StingerProjectile['entity.spore.stinger'/52872, l='ServerLevel[world]', x=815.67, y=96.14, z=895.58]
[31Aug2024 00:04:37.081] [Server thread/WARN] [net.minecraft.world.level.entity.PersistentEntitySectionManager/]: UUID of added entity already exists: StingerProjectile['entity.spore.stinger'/52873, l='ServerLevel[world]', x=815.67, y=96.14, z=895.58]
[31Aug2024 00:04:44.533] [Server thread/WARN] [net.minecraft.world.level.entity.PersistentEntitySectionManager/]: UUID of added entity already exists: StingerProjectile['entity.spore.stinger'/52941, l='ServerLevel[world]', x=815.46, y=95.09, z=895.52]
[31Aug2024 00:04:51.978] [Server thread/WARN] [net.minecraft.world.level.entity.PersistentEntitySectionManager/]: UUID of added entity already exists: StingerProjectile['entity.spore.stinger'/52997, l='ServerLevel[world]', x=815.47, y=96.04, z=895.45]
[31Aug2024 00:04:51.978] [Server thread/WARN] [net.minecraft.world.level.entity.PersistentEntitySectionManager/]: UUID of added entity already exists: StingerProjectile['entity.spore.stinger'/52998, l='ServerLevel[world]', x=815.47, y=96.04, z=895.45]
[31Aug2024 00:04:59.435] [Server thread/WARN] [net.minecraft.world.level.entity.PersistentEntitySectionManager/]: UUID of added entity already exists: StingerProjectile['entity.spore.stinger'/53104, l='ServerLevel[world]', x=815.69, y=95.26, z=895.69]
[31Aug2024 00:04:59.436] [Server thread/WARN] [net.minecraft.world.level.entity.PersistentEntitySectionManager/]: UUID of added entity already exists: StingerProjectile['entity.spore.stinger'/53105, l='ServerLevel[world]', x=815.69, y=95.26, z=895.69]
[31Aug2024 00:05:05.633] [Server thread/INFO] [net.minecraft.world.entity.LivingEntity/]: Named entity InfectedPlayer['Demonid'/53106, l='ServerLevel[world]', x=712.18, y=39.00, z=828.57] died: Demonid was slain by Mutant Zombie
[31Aug2024 00:05:07.183] [Server thread/WARN] [net.minecraft.world.level.entity.PersistentEntitySectionManager/]: UUID of added entity already exists: StingerProjectile['entity.spore.stinger'/53207, l='ServerLevel[world]', x=815.44, y=95.29, z=895.45]
[31Aug2024 00:05:14.980] [Server thread/WARN] [net.minecraft.world.level.entity.PersistentEntitySectionManager/]: UUID of added entity already exists: StingerProjectile['entity.spore.stinger'/53304, l='ServerLevel[world]', x=815.59, y=95.71, z=895.37]
[31Aug2024 00:05:14.981] [Server thread/WARN] [net.minecraft.world.level.entity.PersistentEntitySectionManager/]: UUID of added entity already exists: StingerProjectile['entity.spore.stinger'/53305, l='ServerLevel[world]', x=815.59, y=95.71, z=895.37]
[31Aug2024 00:05:22.779] [Server thread/WARN] [net.minecraft.world.level.entity.PersistentEntitySectionManager/]: UUID of added entity already exists: StingerProjectile['entity.spore.stinger'/53360, l='ServerLevel[world]', x=815.53, y=95.19, z=895.85]
[31Aug2024 00:05:22.779] [Server thread/WARN] [net.minecraft.world.level.entity.PersistentEntitySectionManager/]: UUID of added entity already exists: StingerProjectile['entity.spore.stinger'/53361, l='ServerLevel[world]', x=815.53, y=95.19, z=895.85]
[31Aug2024 00:05:30.628] [Server thread/WARN] [net.minecraft.world.level.entity.PersistentEntitySectionManager/]: UUID of added entity already exists: StingerProjectile['entity.spore.stinger'/53407, l='ServerLevel[world]', x=815.50, y=95.49, z=895.44]
[31Aug2024 00:05:38.430] [Server thread/WARN] [net.minecraft.world.level.entity.PersistentEntitySectionManager/]: UUID of added entity already exists: StingerProjectile['entity.spore.stinger'/53462, l='ServerLevel[world]', x=815.70, y=95.91, z=895.53]
[31Aug2024 00:05:38.430] [Server thread/WARN] [net.minecraft.world.level.entity.PersistentEntitySectionManager/]: UUID of added entity already exists: StingerProjectile['entity.spore.stinger'/53463, l='ServerLevel[world]', x=815.70, y=95.91, z=895.53]
[31Aug2024 00:05:46.227] [Server thread/WARN] [net.minecraft.world.level.entity.PersistentEntitySectionManager/]: UUID of added entity already exists: StingerProjectile['entity.spore.stinger'/53506, l='ServerLevel[world]', x=815.70, y=96.16, z=895.54]
[31Aug2024 00:05:46.228] [Server thread/WARN] [net.minecraft.world.level.entity.PersistentEntitySectionManager/]: UUID of added entity already exists: StingerProjectile['entity.spore.stinger'/53507, l='ServerLevel[world]', x=815.70, y=96.16, z=895.54]
[31Aug2024 00:05:50.911] [Server thread/INFO] [net.minecraft.server.MinecraftServer/]: [Not Secure] <capybarav2> no se yo eh
[31Aug2024 00:05:54.031] [Server thread/WARN] [net.minecraft.world.level.entity.PersistentEntitySectionManager/]: UUID of added entity already exists: StingerProjectile['entity.spore.stinger'/53643, l='ServerLevel[world]', x=815.54, y=95.11, z=895.66]
[31Aug2024 00:06:01.729] [Server thread/WARN] [net.minecraft.world.level.entity.PersistentEntitySectionManager/]: UUID of added entity already exists: StingerProjectile['entity.spore.stinger'/53712, l='ServerLevel[world]', x=815.58, y=95.27, z=895.68]
[31Aug2024 00:06:09.677] [Server thread/WARN] [net.minecraft.world.level.entity.PersistentEntitySectionManager/]: UUID of added entity already exists: StingerProjectile['entity.spore.stinger'/53770, l='ServerLevel[world]', x=815.54, y=95.42, z=895.59]
[31Aug2024 00:06:09.677] [Server thread/WARN] [net.minecraft.world.level.entity.PersistentEntitySectionManager/]: UUID of added entity already exists: StingerProjectile['entity.spore.stinger'/53771, l='ServerLevel[world]', x=815.54, y=95.42, z=895.59]
[31Aug2024 00:06:17.579] [Server thread/WARN] [net.minecraft.world.level.entity.PersistentEntitySectionManager/]: UUID of added entity already exists: StingerProjectile['entity.spore.stinger'/53869, l='ServerLevel[world]', x=815.54, y=95.17, z=895.40]
[31Aug2024 00:06:17.579] [Server thread/WARN] [net.minecraft.world.level.entity.PersistentEntitySectionManager/]: UUID of added entity already exists: StingerProjectile['entity.spore.stinger'/53870, l='ServerLevel[world]', x=815.54, y=95.17, z=895.40]
[31Aug2024 00:06:44.953] [Server thread/INFO] [net.minecraft.server.MinecraftServer/]: [Not Secure] <capybarav2> ni dea
[31Aug2024 00:07:39.085] [Server thread/WARN] [net.minecraft.world.level.entity.PersistentEntitySectionManager/]: UUID of added entity already exists: StingerProjectile['entity.spore.stinger'/54590, l='ServerLevel[world]', x=815.58, y=95.00, z=895.43]
[31Aug2024 00:07:47.727] [Server thread/WARN] [net.minecraft.world.level.entity.PersistentEntitySectionManager/]: UUID of added entity already exists: StingerProjectile['entity.spore.stinger'/54745, l='ServerLevel[world]', x=815.70, y=95.42, z=895.42]
[31Aug2024 00:07:56.877] [Server thread/WARN] [net.minecraft.world.level.entity.PersistentEntitySectionManager/]: UUID of added entity already exists: StingerProjectile['entity.spore.stinger'/54852, l='ServerLevel[world]', x=815.52, y=95.57, z=895.45]
[31Aug2024 00:07:56.878] [Server thread/WARN] [net.minecraft.world.level.entity.PersistentEntitySectionManager/]: UUID of added entity already exists: StingerProjectile['entity.spore.stinger'/54853, l='ServerLevel[world]', x=815.52, y=95.57, z=895.45]
[31Aug2024 00:07:57.063] [Server thread/INFO] [net.minecraft.server.MinecraftServer/]: [Not Secure] <capybarav2> 2
[31Aug2024 00:08:06.031] [Server thread/WARN] [net.minecraft.world.level.entity.PersistentEntitySectionManager/]: UUID of added entity already exists: StingerProjectile['entity.spore.stinger'/54969, l='ServerLevel[world]', x=815.70, y=95.32, z=895.63]
[31Aug2024 00:08:15.178] [Server thread/WARN] [net.minecraft.world.level.entity.PersistentEntitySectionManager/]: UUID of added entity already exists: StingerProjectile['entity.spore.stinger'/55017, l='ServerLevel[world]', x=815.70, y=95.47, z=895.74]
[31Aug2024 00:08:15.178] [Server thread/WARN] [net.minecraft.world.level.entity.PersistentEntitySectionManager/]: UUID of added entity already exists: StingerProjectile['entity.spore.stinger'/55018, l='ServerLevel[world]', x=815.70, y=95.47, z=895.74]
[31Aug2024 00:08:28.712] [Server thread/INFO] [net.minecraft.server.MinecraftServer/]: [Not Secure] <capybarav2> deq
[31Aug2024 00:08:40.578] [Server thread/WARN] [net.minecraft.world.level.entity.PersistentEntitySectionManager/]: UUID of added entity already exists: StingerProjectile['entity.spore.stinger'/55109, l='ServerLevel[world]', x=815.68, y=95.00, z=895.54]
[31Aug2024 00:09:29.303] [Server thread/INFO] [net.minecraft.server.MinecraftServer/]: [Not Secure] <capybarav2> un puto bate
[31Aug2024 00:09:30.603] [Server thread/INFO] [net.minecraft.server.MinecraftServer/]: [Not Secure] <capybarav2> XD
[31Aug2024 00:09:43.160] [Server thread/INFO] [net.minecraft.server.MinecraftServer/]: [Not Secure] <capybarav2> meto sentones como batazos
[31Aug2024 00:09:44.450] [Server thread/INFO] [net.minecraft.server.MinecraftServer/]: [Not Secure] <capybarav2> no asi no
[31Aug2024 00:09:48.563] [Server thread/INFO] [net.minecraft.server.MinecraftServer/]: [Not Secure] <capybarav2> so
[31Aug2024 00:09:59.547] [Server thread/INFO] [net.minecraft.server.MinecraftServer/]: [Not Secure] <capybarav2> yo necesito dormir
[31Aug2024 00:11:40.401] [Server thread/INFO] [net.minecraft.server.MinecraftServer/]: [Not Secure] <capybarav2> dormir oq
[31Aug2024 00:11:48.861] [Server thread/INFO] [net.minecraft.server.network.ServerGamePacketListenerImpl/]: nezmanmatalaura lost connection: hay q dormir zorra puta
[31Aug2024 00:11:48.861] [Server thread/INFO] [net.minecraft.server.MinecraftServer/]: nezmanmatalaura left the game
[31Aug2024 00:11:48.862] [Server thread/INFO] [voicechat/]: [voicechat] Disconnecting client nezmanmatalaura
[31Aug2024 00:11:48.868] [Server thread/INFO] [net.minecraft.server.MinecraftServer/]: [capybarav2: Kicked nezmanmatalaura: hay q dormir zorra puta]
[31Aug2024 00:11:48.912] [Server thread/WARN] [net.minecraft.network.Connection/]: handleDisconnection() called twice
[31Aug2024 00:11:56.098] [Server thread/INFO] [net.minecraft.server.MinecraftServer/]: [Not Secure] <capybarav2> idk
[31Aug2024 00:11:59.250] [Server thread/INFO] [net.minecraft.server.MinecraftServer/]: [Not Secure] <capybarav2> a q hora t conectas tu
[31Aug2024 00:12:00.762] [Server thread/INFO] [net.minecraft.server.MinecraftServer/]: [Not Secure] <capybarav2> mas bien
[31Aug2024 00:12:05.198] [Server thread/INFO] [net.minecraft.server.MinecraftServer/]: [Not Secure] <capybarav2> q yo antes estare 100%
[31Aug2024 00:12:14.200] [Server thread/INFO] [net.minecraft.server.MinecraftServer/]: [Not Secure] <capybarav2> 11 y llegaran las 4pm y no estaras
[31Aug2024 00:12:22.798] [Server thread/INFO] [net.minecraft.server.network.ServerGamePacketListenerImpl/]: capybarav2 lost connection: Disconnected
[31Aug2024 00:12:22.798] [Server thread/INFO] [net.minecraft.server.MinecraftServer/]: capybarav2 left the game
[31Aug2024 00:12:22.798] [Server thread/INFO] [voicechat/]: [voicechat] Disconnecting client capybarav2
[31Aug2024 00:12:23.196] [Server thread/INFO] [net.minecraft.server.network.ServerGamePacketListenerImpl/]: Secrethaks lost connection: Disconnected
[31Aug2024 00:12:23.197] [Server thread/INFO] [net.minecraft.server.MinecraftServer/]: Secrethaks left the game
[31Aug2024 00:12:23.197] [Server thread/INFO] [voicechat/]: [voicechat] Disconnecting client Secrethaks
[31Aug2024 00:12:59.119] [Server thread/INFO] [net.minecraft.server.MinecraftServer/]: Stopping server
[31Aug2024 00:12:59.119] [Server thread/INFO] [net.minecraft.server.MinecraftServer/]: Saving players
[31Aug2024 00:12:59.120] [Server thread/INFO] [net.minecraft.server.MinecraftServer/]: Saving worlds
[31Aug2024 00:13:00.078] [Server thread/INFO] [net.minecraft.server.MinecraftServer/]: Saving chunks for level 'ServerLevel[world]'/minecraft:overworld
[31Aug2024 00:13:01.287] [Server thread/INFO] [net.minecraft.server.MinecraftServer/]: Saving chunks for level 'ServerLevel[world]'/ad_astra:moon
[31Aug2024 00:13:01.288] [Server thread/INFO] [net.minecraft.server.MinecraftServer/]: Saving chunks for level 'ServerLevel[world]'/ad_astra:glacio_orbit
[31Aug2024 00:13:01.289] [Server thread/INFO] [net.minecraft.server.MinecraftServer/]: Saving chunks for level 'ServerLevel[world]'/ad_astra:moon_orbit
[31Aug2024 00:13:01.290] [Server thread/INFO] [net.minecraft.server.MinecraftServer/]: Saving chunks for level 'ServerLevel[world]'/ava:northern
[31Aug2024 00:13:01.290] [Server thread/INFO] [net.minecraft.server.MinecraftServer/]: Saving chunks for level 'ServerLevel[world]'/ad_astra:mars
[31Aug2024 00:13:01.291] [Server thread/INFO] [net.minecraft.server.MinecraftServer/]: Saving chunks for level 'ServerLevel[world]'/minecraft:the_end
[31Aug2024 00:13:01.292] [Server thread/INFO] [net.minecraft.server.MinecraftServer/]: Saving chunks for level 'ServerLevel[world]'/ad_astra:earth_orbit
[31Aug2024 00:13:01.292] [Server thread/INFO] [net.minecraft.server.MinecraftServer/]: Saving chunks for level 'ServerLevel[world]'/ad_astra:glacio
[31Aug2024 00:13:01.293] [Server thread/INFO] [net.minecraft.server.MinecraftServer/]: Saving chunks for level 'ServerLevel[world]'/ava:after_place
[31Aug2024 00:13:01.294] [Server thread/INFO] [net.minecraft.server.MinecraftServer/]: Saving chunks for level 'ServerLevel[world]'/ad_astra:mars_orbit
[31Aug2024 00:13:01.294] [Server thread/INFO] [net.minecraft.server.MinecraftServer/]: Saving chunks for level 'ServerLevel[world]'/ad_astra:venus_orbit
[31Aug2024 00:13:01.295] [Server thread/INFO] [net.minecraft.server.MinecraftServer/]: Saving chunks for level 'ServerLevel[world]'/ad_astra:venus
[31Aug2024 00:13:01.295] [Server thread/INFO] [net.minecraft.server.MinecraftServer/]: Saving chunks for level 'ServerLevel[world]'/minecraft:the_nether
[31Aug2024 00:13:01.296] [Server thread/INFO] [net.minecraft.server.MinecraftServer/]: Saving chunks for level 'ServerLevel[world]'/lostcities:lostcity
[31Aug2024 00:13:01.297] [Server thread/INFO] [net.minecraft.server.MinecraftServer/]: Saving chunks for level 'ServerLevel[world]'/ad_astra:mercury_orbit
[31Aug2024 00:13:01.297] [Server thread/INFO] [net.minecraft.server.MinecraftServer/]: Saving chunks for level 'ServerLevel[world]'/arphex:the_crawling
[31Aug2024 00:13:01.298] [Server thread/INFO] [net.minecraft.server.MinecraftServer/]: Saving chunks for level 'ServerLevel[world]'/ava:southern
[31Aug2024 00:13:01.298] [Server thread/INFO] [net.minecraft.server.MinecraftServer/]: Saving chunks for level 'ServerLevel[world]'/ad_astra:mercury
[31Aug2024 00:13:01.377] [Server thread/INFO] [net.minecraft.server.MinecraftServer/]: ThreadedAnvilChunkStorage (world): All chunks are saved
[31Aug2024 00:13:01.377] [Server thread/INFO] [net.minecraft.server.MinecraftServer/]: ThreadedAnvilChunkStorage (moon): All chunks are saved
[31Aug2024 00:13:01.377] [Server thread/INFO] [net.minecraft.server.MinecraftServer/]: ThreadedAnvilChunkStorage (glacio_orbit): All chunks are saved
[31Aug2024 00:13:01.377] [Server thread/INFO] [net.minecraft.server.MinecraftServer/]: ThreadedAnvilChunkStorage (moon_orbit): All chunks are saved
[31Aug2024 00:13:01.377] [Server thread/INFO] [net.minecraft.server.MinecraftServer/]: ThreadedAnvilChunkStorage (northern): All chunks are saved
[31Aug2024 00:13:01.377] [Server thread/INFO] [net.minecraft.server.MinecraftServer/]: ThreadedAnvilChunkStorage (mars): All chunks are saved
[31Aug2024 00:13:01.377] [Server thread/INFO] [net.minecraft.server.MinecraftServer/]: ThreadedAnvilChunkStorage (DIM1): All chunks are saved
[31Aug2024 00:13:01.377] [Server thread/INFO] [net.minecraft.server.MinecraftServer/]: ThreadedAnvilChunkStorage (earth_orbit): All chunks are saved
[31Aug2024 00:13:01.377] [Server thread/INFO] [net.minecraft.server.MinecraftServer/]: ThreadedAnvilChunkStorage (glacio): All chunks are saved
[31Aug2024 00:13:01.377] [Server thread/INFO] [net.minecraft.server.MinecraftServer/]: ThreadedAnvilChunkStorage (after_place): All chunks are saved
[31Aug2024 00:13:01.378] [Server thread/INFO] [net.minecraft.server.MinecraftServer/]: ThreadedAnvilChunkStorage (mars_orbit): All chunks are saved
[31Aug2024 00:13:01.378] [Server thread/INFO] [net.minecraft.server.MinecraftServer/]: ThreadedAnvilChunkStorage (venus_orbit): All chunks are saved
[31Aug2024 00:13:01.378] [Server thread/INFO] [net.minecraft.server.MinecraftServer/]: ThreadedAnvilChunkStorage (venus): All chunks are saved
[31Aug2024 00:13:01.378] [Server thread/INFO] [net.minecraft.server.MinecraftServer/]: ThreadedAnvilChunkStorage (DIM-1): All chunks are saved
[31Aug2024 00:13:01.378] [Server thread/INFO] [net.minecraft.server.MinecraftServer/]: ThreadedAnvilChunkStorage (lostcity): All chunks are saved
[31Aug2024 00:13:01.378] [Server thread/INFO] [net.minecraft.server.MinecraftServer/]: ThreadedAnvilChunkStorage (mercury_orbit): All chunks are saved
[31Aug2024 00:13:01.378] [Server thread/INFO] [net.minecraft.server.MinecraftServer/]: ThreadedAnvilChunkStorage (the_crawling): All chunks are saved
[31Aug2024 00:13:01.378] [Server thread/INFO] [net.minecraft.server.MinecraftServer/]: ThreadedAnvilChunkStorage (southern): All chunks are saved
[31Aug2024 00:13:01.378] [Server thread/INFO] [net.minecraft.server.MinecraftServer/]: ThreadedAnvilChunkStorage (mercury): All chunks are saved
[31Aug2024 00:13:01.378] [Server thread/INFO] [net.minecraft.server.MinecraftServer/]: ThreadedAnvilChunkStorage: All dimensions are saved
[31Aug2024 00:13:01.888] [Server thread/INFO] [Framework/]: Unloading server configs...
